{"C:\\Users\\developed\\Desktop\\codepilot-backend\\src\\app.ts": {"path":"C:\\Users\\developed\\Desktop\\codepilot-backend\\src\\app.ts","statementMap":{"0":{"start":{"line":1,"column":0},"end":{"line":1,"column":28}},"1":{"start":{"line":2,"column":0},"end":{"line":2,"column":41}},"2":{"start":{"line":3,"column":0},"end":{"line":3,"column":24}},"3":{"start":{"line":4,"column":0},"end":{"line":4,"column":38}},"4":{"start":{"line":5,"column":0},"end":{"line":5,"column":67}},"5":{"start":{"line":6,"column":0},"end":{"line":6,"column":41}},"6":{"start":{"line":7,"column":0},"end":{"line":7,"column":41}},"7":{"start":{"line":8,"column":0},"end":{"line":8,"column":43}},"8":{"start":{"line":9,"column":0},"end":{"line":9,"column":56}},"9":{"start":{"line":11,"column":12},"end":{"line":11,"column":21}},"10":{"start":{"line":13,"column":0},"end":{"line":13,"column":18}},"11":{"start":{"line":14,"column":0},"end":{"line":14,"column":24}},"12":{"start":{"line":15,"column":0},"end":{"line":15,"column":48}},"13":{"start":{"line":16,"column":0},"end":{"line":16,"column":24}},"14":{"start":{"line":17,"column":0},"end":{"line":17,"column":26}},"15":{"start":{"line":18,"column":0},"end":{"line":18,"column":23}},"16":{"start":{"line":20,"column":0},"end":{"line":20,"column":25}},"17":{"start":{"line":22,"column":0},"end":{"line":24,"column":3}},"18":{"start":{"line":23,"column":2},"end":{"line":23,"column":75}},"19":{"start":{"line":26,"column":0},"end":{"line":29,"column":3}},"20":{"start":{"line":27,"column":2},"end":{"line":27,"column":45}},"21":{"start":{"line":28,"column":2},"end":{"line":28,"column":34}},"22":{"start":{"line":31,"column":0},"end":{"line":31,"column":19}}},"fnMap":{"0":{"name":"(anonymous_1)","decl":{"start":{"line":22,"column":21},"end":{"line":22,"column":22}},"loc":{"start":{"line":22,"column":73},"end":{"line":24,"column":1}}},"1":{"name":"(anonymous_2)","decl":{"start":{"line":26,"column":8},"end":{"line":26,"column":9}},"loc":{"start":{"line":26,"column":75},"end":{"line":29,"column":1}}}},"branchMap":{},"s":{"0":2,"1":2,"2":2,"3":2,"4":2,"5":2,"6":2,"7":2,"8":2,"9":2,"10":2,"11":2,"12":2,"13":2,"14":2,"15":2,"16":2,"17":2,"18":0,"19":2,"20":0,"21":0,"22":2},"f":{"0":0,"1":0},"b":{}}
,"C:\\Users\\developed\\Desktop\\codepilot-backend\\src\\_lib\\appError.ts": {"path":"C:\\Users\\developed\\Desktop\\codepilot-backend\\src\\_lib\\appError.ts","statementMap":{"0":{"start":{"line":9,"column":4},"end":{"line":9,"column":19}},"1":{"start":{"line":8,"column":21},"end":{"line":8,"column":36}},"2":{"start":{"line":8,"column":45},"end":{"line":8,"column":63}},"3":{"start":{"line":10,"column":4},"end":{"line":10,"column":33}},"4":{"start":{"line":11,"column":4},"end":{"line":11,"column":69}},"5":{"start":{"line":12,"column":4},"end":{"line":12,"column":27}},"6":{"start":{"line":13,"column":4},"end":{"line":13,"column":30}},"7":{"start":{"line":14,"column":4},"end":{"line":14,"column":52}},"8":{"start":{"line":26,"column":9},"end":{"line":26,"column":17}},"9":{"start":{"line":19,"column":2},"end":{"line":24,"column":3}},"10":{"start":{"line":22,"column":2},"end":{"line":24,"column":3}},"11":{"start":{"line":23,"column":4},"end":{"line":23,"column":35}},"12":{"start":{"line":26,"column":19},"end":{"line":26,"column":29}}},"fnMap":{"0":{"name":"(anonymous_0)","decl":{"start":{"line":8,"column":2},"end":{"line":8,"column":21}},"loc":{"start":{"line":8,"column":63},"end":{"line":15,"column":3}}},"1":{"name":"(anonymous_1)","decl":{"start":{"line":19,"column":2},"end":{"line":19,"column":null}},"loc":{"start":{"line":22,"column":2},"end":{"line":24,"column":3}}},"2":{"name":"(anonymous_2)","decl":{"start":{"line":22,"column":2},"end":{"line":22,"column":3}},"loc":{"start":{"line":22,"column":57},"end":{"line":24,"column":3}}}},"branchMap":{"0":{"loc":{"start":{"line":11,"column":18},"end":{"line":11,"column":68}},"type":"cond-expr","locations":[{"start":{"line":11,"column":52},"end":{"line":11,"column":58}},{"start":{"line":11,"column":61},"end":{"line":11,"column":68}}]}},"s":{"0":0,"1":0,"2":0,"3":0,"4":0,"5":0,"6":0,"7":0,"8":8,"9":8,"10":26,"11":13,"12":8},"f":{"0":0,"1":26,"2":13},"b":{"0":[0,0]}}
,"C:\\Users\\developed\\Desktop\\codepilot-backend\\src\\_lib\\cors.ts": {"path":"C:\\Users\\developed\\Desktop\\codepilot-backend\\src\\_lib\\cors.ts","statementMap":{"0":{"start":{"line":3,"column":32},"end":{"line":20,"column":2}},"1":{"start":{"line":5,"column":4},"end":{"line":17,"column":5}},"2":{"start":{"line":11,"column":6},"end":{"line":11,"column":27}},"3":{"start":{"line":13,"column":6},"end":{"line":16,"column":8}},"4":{"start":{"line":22,"column":9},"end":{"line":22,"column":19}}},"fnMap":{"0":{"name":"(anonymous_0)","decl":{"start":{"line":4,"column":2},"end":{"line":4,"column":8}},"loc":{"start":{"line":4,"column":25},"end":{"line":18,"column":3}}}},"branchMap":{"0":{"loc":{"start":{"line":5,"column":4},"end":{"line":17,"column":5}},"type":"if","locations":[{"start":{"line":5,"column":4},"end":{"line":17,"column":5}},{"start":{"line":12,"column":11},"end":{"line":17,"column":5}}]},"1":{"loc":{"start":{"line":6,"column":6},"end":{"line":9,"column":55}},"type":"binary-expr","locations":[{"start":{"line":6,"column":6},"end":{"line":6,"column":44}},{"start":{"line":6,"column":48},"end":{"line":6,"column":79}},{"start":{"line":7,"column":7},"end":{"line":7,"column":13}},{"start":{"line":8,"column":8},"end":{"line":8,"column":37}},{"start":{"line":9,"column":8},"end":{"line":9,"column":54}}]}},"s":{"0":2,"1":5,"2":5,"3":0,"4":2},"f":{"0":5},"b":{"0":[5,0],"1":[5,5,0,0,0]}}
,"C:\\Users\\developed\\Desktop\\codepilot-backend\\src\\_lib\\jwt.ts": {"path":"C:\\Users\\developed\\Desktop\\codepilot-backend\\src\\_lib\\jwt.ts","statementMap":{"0":{"start":{"line":1,"column":0},"end":{"line":1,"column":31}},"1":{"start":{"line":6,"column":35},"end":{"line":12,"column":1}},"2":{"start":{"line":7,"column":16},"end":{"line":10,"column":4}},"3":{"start":{"line":11,"column":2},"end":{"line":11,"column":15}},"4":{"start":{"line":6,"column":13},"end":{"line":6,"column":35}},"5":{"start":{"line":14,"column":30},"end":{"line":28,"column":2}},"6":{"start":{"line":17,"column":38},"end":{"line":28,"column":2}},"7":{"start":{"line":18,"column":22},"end":{"line":18,"column":53}},"8":{"start":{"line":20,"column":2},"end":{"line":25,"column":5}},"9":{"start":{"line":27,"column":2},"end":{"line":27,"column":25}},"10":{"start":{"line":14,"column":13},"end":{"line":14,"column":30}},"11":{"start":{"line":30,"column":33},"end":{"line":32,"column":1}},"12":{"start":{"line":31,"column":2},"end":{"line":31,"column":68}},"13":{"start":{"line":30,"column":13},"end":{"line":30,"column":33}}},"fnMap":{"0":{"name":"(anonymous_8)","decl":{"start":{"line":6,"column":35},"end":{"line":6,"column":36}},"loc":{"start":{"line":6,"column":69},"end":{"line":12,"column":1}}},"1":{"name":"(anonymous_9)","decl":{"start":{"line":14,"column":30},"end":{"line":14,"column":null}},"loc":{"start":{"line":17,"column":38},"end":{"line":28,"column":2}}},"2":{"name":"(anonymous_10)","decl":{"start":{"line":17,"column":38},"end":{"line":17,"column":null}},"loc":{"start":{"line":17,"column":38},"end":{"line":28,"column":1}}},"3":{"name":"(anonymous_11)","decl":{"start":{"line":30,"column":33},"end":{"line":30,"column":34}},"loc":{"start":{"line":30,"column":51},"end":{"line":32,"column":1}}}},"branchMap":{},"s":{"0":4,"1":4,"2":5,"3":5,"4":4,"5":4,"6":4,"7":4,"8":4,"9":4,"10":4,"11":4,"12":2,"13":4},"f":{"0":5,"1":4,"2":4,"3":2},"b":{}}
,"C:\\Users\\developed\\Desktop\\codepilot-backend\\src\\_lib\\mongoose.ts": {"path":"C:\\Users\\developed\\Desktop\\codepilot-backend\\src\\_lib\\mongoose.ts","statementMap":{"0":{"start":{"line":1,"column":0},"end":{"line":1,"column":32}},"1":{"start":{"line":6,"column":38},"end":{"line":13,"column":2}},"2":{"start":{"line":15,"column":33},"end":{"line":27,"column":2}},"3":{"start":{"line":15,"column":59},"end":{"line":27,"column":2}},"4":{"start":{"line":16,"column":2},"end":{"line":26,"column":3}},"5":{"start":{"line":17,"column":21},"end":{"line":17,"column":42}},"6":{"start":{"line":18,"column":4},"end":{"line":20,"column":5}},"7":{"start":{"line":19,"column":6},"end":{"line":19,"column":71}},"8":{"start":{"line":21,"column":4},"end":{"line":21,"column":52}},"9":{"start":{"line":24,"column":4},"end":{"line":24,"column":57}},"10":{"start":{"line":25,"column":4},"end":{"line":25,"column":20}},"11":{"start":{"line":15,"column":13},"end":{"line":15,"column":33}},"12":{"start":{"line":29,"column":38},"end":{"line":36,"column":2}},"13":{"start":{"line":29,"column":64},"end":{"line":36,"column":2}},"14":{"start":{"line":30,"column":2},"end":{"line":35,"column":3}},"15":{"start":{"line":31,"column":4},"end":{"line":31,"column":32}},"16":{"start":{"line":34,"column":4},"end":{"line":34,"column":62}},"17":{"start":{"line":29,"column":13},"end":{"line":29,"column":38}}},"fnMap":{"0":{"name":"(anonymous_8)","decl":{"start":{"line":15,"column":33},"end":{"line":15,"column":57}},"loc":{"start":{"line":15,"column":59},"end":{"line":27,"column":2}}},"1":{"name":"(anonymous_9)","decl":{"start":{"line":15,"column":59},"end":{"line":15,"column":null}},"loc":{"start":{"line":15,"column":59},"end":{"line":27,"column":1}}},"2":{"name":"(anonymous_10)","decl":{"start":{"line":29,"column":38},"end":{"line":29,"column":62}},"loc":{"start":{"line":29,"column":64},"end":{"line":36,"column":2}}},"3":{"name":"(anonymous_11)","decl":{"start":{"line":29,"column":64},"end":{"line":29,"column":null}},"loc":{"start":{"line":29,"column":64},"end":{"line":36,"column":1}}}},"branchMap":{"0":{"loc":{"start":{"line":18,"column":4},"end":{"line":20,"column":5}},"type":"if","locations":[{"start":{"line":18,"column":4},"end":{"line":20,"column":5}}]}},"s":{"0":2,"1":2,"2":2,"3":2,"4":2,"5":2,"6":2,"7":0,"8":2,"9":0,"10":0,"11":2,"12":2,"13":2,"14":2,"15":2,"16":0,"17":2},"f":{"0":2,"1":2,"2":2,"3":2},"b":{"0":[0]}}
,"C:\\Users\\developed\\Desktop\\codepilot-backend\\src\\controllers\\error.ts": {"path":"C:\\Users\\developed\\Desktop\\codepilot-backend\\src\\controllers\\error.ts","statementMap":{"0":{"start":{"line":2,"column":0},"end":{"line":2,"column":43}},"1":{"start":{"line":4,"column":20},"end":{"line":4,"column":57}},"2":{"start":{"line":6,"column":25},"end":{"line":9,"column":1}},"3":{"start":{"line":7,"column":18},"end":{"line":7,"column":55}},"4":{"start":{"line":8,"column":2},"end":{"line":8,"column":36}},"5":{"start":{"line":11,"column":26},"end":{"line":14,"column":1}},"6":{"start":{"line":12,"column":18},"end":{"line":12,"column":57}},"7":{"start":{"line":13,"column":2},"end":{"line":13,"column":36}},"8":{"start":{"line":16,"column":32},"end":{"line":20,"column":1}},"9":{"start":{"line":17,"column":16},"end":{"line":17,"column":69}},"10":{"start":{"line":18,"column":18},"end":{"line":18,"column":80}},"11":{"start":{"line":19,"column":2},"end":{"line":19,"column":36}},"12":{"start":{"line":22,"column":32},"end":{"line":26,"column":1}},"13":{"start":{"line":23,"column":17},"end":{"line":23,"column":73}},"14":{"start":{"line":23,"column":62},"end":{"line":23,"column":72}},"15":{"start":{"line":24,"column":18},"end":{"line":24,"column":60}},"16":{"start":{"line":25,"column":2},"end":{"line":25,"column":36}},"17":{"start":{"line":28,"column":23},"end":{"line":29,"column":57}},"18":{"start":{"line":29,"column":2},"end":{"line":29,"column":57}},"19":{"start":{"line":31,"column":27},"end":{"line":32,"column":49}},"20":{"start":{"line":32,"column":2},"end":{"line":32,"column":49}},"21":{"start":{"line":34,"column":21},"end":{"line":43,"column":1}},"22":{"start":{"line":38,"column":2},"end":{"line":42,"column":5}},"23":{"start":{"line":45,"column":22},"end":{"line":62,"column":1}},"24":{"start":{"line":50,"column":2},"end":{"line":61,"column":3}},"25":{"start":{"line":51,"column":4},"end":{"line":54,"column":7}},"26":{"start":{"line":57,"column":4},"end":{"line":60,"column":7}},"27":{"start":{"line":64,"column":0},"end":{"line":79,"column":2}},"28":{"start":{"line":68,"column":2},"end":{"line":68,"column":67}},"29":{"start":{"line":68,"column":34},"end":{"line":68,"column":67}},"30":{"start":{"line":70,"column":2},"end":{"line":70,"column":77}},"31":{"start":{"line":70,"column":45},"end":{"line":70,"column":77}},"32":{"start":{"line":72,"column":2},"end":{"line":72,"column":67}},"33":{"start":{"line":72,"column":28},"end":{"line":72,"column":67}},"34":{"start":{"line":74,"column":2},"end":{"line":74,"column":79}},"35":{"start":{"line":74,"column":40},"end":{"line":74,"column":79}},"36":{"start":{"line":75,"column":2},"end":{"line":75,"column":67}},"37":{"start":{"line":75,"column":42},"end":{"line":75,"column":67}},"38":{"start":{"line":76,"column":2},"end":{"line":76,"column":71}},"39":{"start":{"line":76,"column":42},"end":{"line":76,"column":71}},"40":{"start":{"line":77,"column":2},"end":{"line":77,"column":28}}},"fnMap":{"0":{"name":"(anonymous_0)","decl":{"start":{"line":6,"column":25},"end":{"line":6,"column":26}},"loc":{"start":{"line":6,"column":40},"end":{"line":9,"column":1}}},"1":{"name":"(anonymous_1)","decl":{"start":{"line":11,"column":26},"end":{"line":11,"column":27}},"loc":{"start":{"line":11,"column":41},"end":{"line":14,"column":1}}},"2":{"name":"(anonymous_2)","decl":{"start":{"line":16,"column":32},"end":{"line":16,"column":33}},"loc":{"start":{"line":16,"column":45},"end":{"line":20,"column":1}}},"3":{"name":"(anonymous_3)","decl":{"start":{"line":22,"column":32},"end":{"line":22,"column":33}},"loc":{"start":{"line":22,"column":47},"end":{"line":26,"column":1}}},"4":{"name":"(anonymous_4)","decl":{"start":{"line":23,"column":49},"end":{"line":23,"column":50}},"loc":{"start":{"line":23,"column":62},"end":{"line":23,"column":72}}},"5":{"name":"(anonymous_5)","decl":{"start":{"line":28,"column":23},"end":{"line":28,"column":26}},"loc":{"start":{"line":29,"column":2},"end":{"line":29,"column":57}}},"6":{"name":"(anonymous_6)","decl":{"start":{"line":31,"column":27},"end":{"line":31,"column":30}},"loc":{"start":{"line":32,"column":2},"end":{"line":32,"column":49}}},"7":{"name":"(anonymous_7)","decl":{"start":{"line":34,"column":21},"end":{"line":34,"column":null}},"loc":{"start":{"line":37,"column":40},"end":{"line":43,"column":1}}},"8":{"name":"(anonymous_8)","decl":{"start":{"line":45,"column":22},"end":{"line":45,"column":null}},"loc":{"start":{"line":48,"column":40},"end":{"line":62,"column":1}}},"9":{"name":"(anonymous_9)","decl":{"start":{"line":64,"column":15},"end":{"line":64,"column":16}},"loc":{"start":{"line":64,"column":50},"end":{"line":79,"column":1}}}},"branchMap":{"0":{"loc":{"start":{"line":4,"column":20},"end":{"line":4,"column":57}},"type":"binary-expr","locations":[{"start":{"line":4,"column":20},"end":{"line":4,"column":40}},{"start":{"line":4,"column":44},"end":{"line":4,"column":57}}]},"1":{"loc":{"start":{"line":17,"column":16},"end":{"line":17,"column":69}},"type":"cond-expr","locations":[{"start":{"line":17,"column":42},"end":{"line":17,"column":44}},{"start":{"line":17,"column":42},"end":{"line":17,"column":69}}]},"2":{"loc":{"start":{"line":17,"column":16},"end":{"line":17,"column":44}},"type":"binary-expr","locations":[{"start":{"line":17,"column":16},"end":{"line":17,"column":44}},{"start":{"line":17,"column":42},"end":{"line":17,"column":44}}]},"3":{"loc":{"start":{"line":17,"column":16},"end":{"line":17,"column":42}},"type":"cond-expr","locations":[{"start":{"line":17,"column":34},"end":{"line":17,"column":36}},{"start":{"line":17,"column":34},"end":{"line":17,"column":42}}]},"4":{"loc":{"start":{"line":17,"column":16},"end":{"line":17,"column":36}},"type":"binary-expr","locations":[{"start":{"line":17,"column":16},"end":{"line":17,"column":36}},{"start":{"line":17,"column":34},"end":{"line":17,"column":36}}]},"5":{"loc":{"start":{"line":17,"column":16},"end":{"line":17,"column":34}},"type":"cond-expr","locations":[{"start":{"line":17,"column":19},"end":{"line":17,"column":21}},{"start":{"line":17,"column":16},"end":{"line":17,"column":34}}]},"6":{"loc":{"start":{"line":17,"column":16},"end":{"line":17,"column":21}},"type":"binary-expr","locations":[{"start":{"line":17,"column":16},"end":{"line":17,"column":21}},{"start":{"line":17,"column":16},"end":{"line":17,"column":21}}]},"7":{"loc":{"start":{"line":38,"column":20},"end":{"line":38,"column":41}},"type":"binary-expr","locations":[{"start":{"line":38,"column":20},"end":{"line":38,"column":34}},{"start":{"line":38,"column":38},"end":{"line":38,"column":41}}]},"8":{"loc":{"start":{"line":50,"column":2},"end":{"line":61,"column":3}},"type":"if","locations":[{"start":{"line":50,"column":2},"end":{"line":61,"column":3}},{"start":{"line":55,"column":9},"end":{"line":61,"column":3}}]},"9":{"loc":{"start":{"line":51,"column":22},"end":{"line":51,"column":43}},"type":"binary-expr","locations":[{"start":{"line":51,"column":22},"end":{"line":51,"column":36}},{"start":{"line":51,"column":40},"end":{"line":51,"column":43}}]},"10":{"loc":{"start":{"line":68,"column":2},"end":{"line":68,"column":67}},"type":"if","locations":[{"start":{"line":68,"column":2},"end":{"line":68,"column":67}}]},"11":{"loc":{"start":{"line":70,"column":2},"end":{"line":70,"column":77}},"type":"if","locations":[{"start":{"line":70,"column":2},"end":{"line":70,"column":77}}]},"12":{"loc":{"start":{"line":72,"column":2},"end":{"line":72,"column":67}},"type":"if","locations":[{"start":{"line":72,"column":2},"end":{"line":72,"column":67}}]},"13":{"loc":{"start":{"line":74,"column":2},"end":{"line":74,"column":79}},"type":"if","locations":[{"start":{"line":74,"column":2},"end":{"line":74,"column":79}}]},"14":{"loc":{"start":{"line":75,"column":2},"end":{"line":75,"column":67}},"type":"if","locations":[{"start":{"line":75,"column":2},"end":{"line":75,"column":67}}]},"15":{"loc":{"start":{"line":76,"column":2},"end":{"line":76,"column":71}},"type":"if","locations":[{"start":{"line":76,"column":2},"end":{"line":76,"column":71}}]}},"s":{"0":2,"1":2,"2":2,"3":0,"4":0,"5":2,"6":0,"7":0,"8":2,"9":0,"10":0,"11":0,"12":2,"13":0,"14":0,"15":0,"16":0,"17":2,"18":0,"19":2,"20":0,"21":2,"22":0,"23":2,"24":0,"25":0,"26":0,"27":2,"28":0,"29":0,"30":0,"31":0,"32":0,"33":0,"34":0,"35":0,"36":0,"37":0,"38":0,"39":0,"40":0},"f":{"0":0,"1":0,"2":0,"3":0,"4":0,"5":0,"6":0,"7":0,"8":0,"9":0},"b":{"0":[2,0],"1":[0,0],"2":[0,0],"3":[0,0],"4":[0,0],"5":[0,0],"6":[0,0],"7":[0,0],"8":[0,0],"9":[0,0],"10":[0],"11":[0],"12":[0],"13":[0],"14":[0],"15":[0]}}
,"C:\\Users\\developed\\Desktop\\codepilot-backend\\src\\controllers\\v1\\auth\\login.ts": {"path":"C:\\Users\\developed\\Desktop\\codepilot-backend\\src\\controllers\\v1\\auth\\login.ts","statementMap":{"0":{"start":{"line":1,"column":0},"end":{"line":1,"column":37}},"1":{"start":{"line":3,"column":0},"end":{"line":3,"column":44}},"2":{"start":{"line":4,"column":0},"end":{"line":4,"column":45}},"3":{"start":{"line":7,"column":14},"end":{"line":20,"column":null}},"4":{"start":{"line":8,"column":75},"end":{"line":20,"column":null}},"5":{"start":{"line":9,"column":22},"end":{"line":9,"column":54}},"6":{"start":{"line":11,"column":17},"end":{"line":11,"column":75}},"7":{"start":{"line":13,"column":28},"end":{"line":13,"column":64}},"8":{"start":{"line":15,"column":4},"end":{"line":19,"column":7}},"9":{"start":{"line":22,"column":9},"end":{"line":22,"column":14}}},"fnMap":{"0":{"name":"(anonymous_7)","decl":{"start":{"line":8,"column":2},"end":{"line":8,"column":9}},"loc":{"start":{"line":8,"column":75},"end":{"line":20,"column":null}}},"1":{"name":"(anonymous_8)","decl":{"start":{"line":8,"column":75},"end":{"line":8,"column":null}},"loc":{"start":{"line":8,"column":75},"end":{"line":20,"column":3}}}},"branchMap":{},"s":{"0":2,"1":2,"2":2,"3":2,"4":2,"5":2,"6":2,"7":2,"8":2,"9":2},"f":{"0":2,"1":2},"b":{}}
,"C:\\Users\\developed\\Desktop\\codepilot-backend\\src\\controllers\\v1\\auth\\logout.ts": {"path":"C:\\Users\\developed\\Desktop\\codepilot-backend\\src\\controllers\\v1\\auth\\logout.ts","statementMap":{"0":{"start":{"line":2,"column":0},"end":{"line":2,"column":45}},"1":{"start":{"line":4,"column":15},"end":{"line":8,"column":null}},"2":{"start":{"line":5,"column":75},"end":{"line":8,"column":null}},"3":{"start":{"line":6,"column":4},"end":{"line":6,"column":35}},"4":{"start":{"line":7,"column":4},"end":{"line":7,"column":27}},"5":{"start":{"line":10,"column":9},"end":{"line":10,"column":15}}},"fnMap":{"0":{"name":"(anonymous_7)","decl":{"start":{"line":5,"column":2},"end":{"line":5,"column":9}},"loc":{"start":{"line":5,"column":75},"end":{"line":8,"column":null}}},"1":{"name":"(anonymous_8)","decl":{"start":{"line":5,"column":75},"end":{"line":5,"column":null}},"loc":{"start":{"line":5,"column":75},"end":{"line":8,"column":3}}}},"branchMap":{},"s":{"0":3,"1":3,"2":1,"3":1,"4":1,"5":3},"f":{"0":1,"1":1},"b":{}}
,"C:\\Users\\developed\\Desktop\\codepilot-backend\\src\\controllers\\v1\\auth\\register.ts": {"path":"C:\\Users\\developed\\Desktop\\codepilot-backend\\src\\controllers\\v1\\auth\\register.ts","statementMap":{"0":{"start":{"line":3,"column":0},"end":{"line":3,"column":37}},"1":{"start":{"line":4,"column":0},"end":{"line":4,"column":46}},"2":{"start":{"line":5,"column":0},"end":{"line":5,"column":44}},"3":{"start":{"line":7,"column":17},"end":{"line":18,"column":null}},"4":{"start":{"line":8,"column":75},"end":{"line":18,"column":null}},"5":{"start":{"line":9,"column":38},"end":{"line":9,"column":65}},"6":{"start":{"line":10,"column":17},"end":{"line":10,"column":61}},"7":{"start":{"line":11,"column":28},"end":{"line":11,"column":63}},"8":{"start":{"line":13,"column":4},"end":{"line":17,"column":7}},"9":{"start":{"line":21,"column":9},"end":{"line":21,"column":17}}},"fnMap":{"0":{"name":"(anonymous_7)","decl":{"start":{"line":8,"column":2},"end":{"line":8,"column":9}},"loc":{"start":{"line":8,"column":75},"end":{"line":18,"column":null}}},"1":{"name":"(anonymous_8)","decl":{"start":{"line":8,"column":75},"end":{"line":8,"column":null}},"loc":{"start":{"line":8,"column":75},"end":{"line":18,"column":3}}}},"branchMap":{},"s":{"0":3,"1":3,"2":3,"3":3,"4":3,"5":3,"6":3,"7":3,"8":3,"9":3},"f":{"0":3,"1":3},"b":{}}
,"C:\\Users\\developed\\Desktop\\codepilot-backend\\src\\controllers\\v1\\cart\\add-to-cart.ts": {"path":"C:\\Users\\developed\\Desktop\\codepilot-backend\\src\\controllers\\v1\\cart\\add-to-cart.ts","statementMap":{"0":{"start":{"line":2,"column":0},"end":{"line":2,"column":45}},"1":{"start":{"line":3,"column":0},"end":{"line":3,"column":37}},"2":{"start":{"line":6,"column":13},"end":{"line":42,"column":2}},"3":{"start":{"line":7,"column":60},"end":{"line":41,"column":null}},"4":{"start":{"line":8,"column":19},"end":{"line":8,"column":29}},"5":{"start":{"line":9,"column":36},"end":{"line":9,"column":59}},"6":{"start":{"line":11,"column":17},"end":{"line":11,"column":47}},"7":{"start":{"line":13,"column":4},"end":{"line":23,"column":5}},"8":{"start":{"line":14,"column":22},"end":{"line":17,"column":8}},"9":{"start":{"line":19,"column":6},"end":{"line":22,"column":9}},"10":{"start":{"line":25,"column":25},"end":{"line":26,"column":null}},"11":{"start":{"line":26,"column":16},"end":{"line":26,"column":66}},"12":{"start":{"line":29,"column":4},"end":{"line":33,"column":5}},"13":{"start":{"line":30,"column":6},"end":{"line":30,"column":63}},"14":{"start":{"line":32,"column":6},"end":{"line":32,"column":68}},"15":{"start":{"line":35,"column":4},"end":{"line":35,"column":22}},"16":{"start":{"line":37,"column":4},"end":{"line":40,"column":7}}},"fnMap":{"0":{"name":"(anonymous_7)","decl":{"start":{"line":7,"column":2},"end":{"line":7,"column":9}},"loc":{"start":{"line":7,"column":60},"end":{"line":41,"column":null}}},"1":{"name":"(anonymous_8)","decl":{"start":{"line":7,"column":60},"end":{"line":7,"column":null}},"loc":{"start":{"line":7,"column":60},"end":{"line":41,"column":3}}},"2":{"name":"(anonymous_9)","decl":{"start":{"line":26,"column":6},"end":{"line":26,"column":7}},"loc":{"start":{"line":26,"column":16},"end":{"line":26,"column":66}}}},"branchMap":{"0":{"loc":{"start":{"line":13,"column":4},"end":{"line":23,"column":5}},"type":"if","locations":[{"start":{"line":13,"column":4},"end":{"line":23,"column":5}}]},"1":{"loc":{"start":{"line":29,"column":4},"end":{"line":33,"column":5}},"type":"if","locations":[{"start":{"line":29,"column":4},"end":{"line":33,"column":5}},{"start":{"line":31,"column":11},"end":{"line":33,"column":5}}]}},"s":{"0":3,"1":3,"2":3,"3":2,"4":2,"5":2,"6":2,"7":2,"8":1,"9":1,"10":1,"11":1,"12":1,"13":1,"14":0,"15":1,"16":1},"f":{"0":2,"1":2,"2":1},"b":{"0":[1],"1":[1,0]}}
,"C:\\Users\\developed\\Desktop\\codepilot-backend\\src\\controllers\\v1\\cart\\get-cart-length.ts": {"path":"C:\\Users\\developed\\Desktop\\codepilot-backend\\src\\controllers\\v1\\cart\\get-cart-length.ts","statementMap":{"0":{"start":{"line":2,"column":0},"end":{"line":2,"column":45}},"1":{"start":{"line":3,"column":0},"end":{"line":3,"column":37}},"2":{"start":{"line":5,"column":22},"end":{"line":17,"column":null}},"3":{"start":{"line":6,"column":60},"end":{"line":17,"column":null}},"4":{"start":{"line":7,"column":23},"end":{"line":7,"column":33}},"5":{"start":{"line":8,"column":22},"end":{"line":8,"column":49}},"6":{"start":{"line":9,"column":23},"end":{"line":11,"column":9}},"7":{"start":{"line":10,"column":6},"end":{"line":10,"column":42}},"8":{"start":{"line":13,"column":4},"end":{"line":16,"column":7}},"9":{"start":{"line":19,"column":9},"end":{"line":19,"column":22}}},"fnMap":{"0":{"name":"(anonymous_7)","decl":{"start":{"line":6,"column":2},"end":{"line":6,"column":9}},"loc":{"start":{"line":6,"column":60},"end":{"line":17,"column":null}}},"1":{"name":"(anonymous_8)","decl":{"start":{"line":6,"column":60},"end":{"line":6,"column":null}},"loc":{"start":{"line":6,"column":60},"end":{"line":17,"column":3}}},"2":{"name":"(anonymous_9)","decl":{"start":{"line":9,"column":40},"end":{"line":9,"column":41}},"loc":{"start":{"line":9,"column":56},"end":{"line":11,"column":5}}}},"branchMap":{},"s":{"0":3,"1":3,"2":3,"3":1,"4":1,"5":1,"6":1,"7":2,"8":1,"9":3},"f":{"0":1,"1":1,"2":2},"b":{}}
,"C:\\Users\\developed\\Desktop\\codepilot-backend\\src\\controllers\\v1\\cart\\getall-item.ts": {"path":"C:\\Users\\developed\\Desktop\\codepilot-backend\\src\\controllers\\v1\\cart\\getall-item.ts","statementMap":{"0":{"start":{"line":2,"column":0},"end":{"line":2,"column":45}},"1":{"start":{"line":3,"column":0},"end":{"line":3,"column":37}},"2":{"start":{"line":5,"column":13},"end":{"line":17,"column":2}},"3":{"start":{"line":6,"column":60},"end":{"line":16,"column":null}},"4":{"start":{"line":7,"column":23},"end":{"line":7,"column":33}},"5":{"start":{"line":8,"column":22},"end":{"line":9,"column":null}},"6":{"start":{"line":12,"column":4},"end":{"line":15,"column":7}}},"fnMap":{"0":{"name":"(anonymous_7)","decl":{"start":{"line":6,"column":2},"end":{"line":6,"column":9}},"loc":{"start":{"line":6,"column":60},"end":{"line":16,"column":null}}},"1":{"name":"(anonymous_8)","decl":{"start":{"line":6,"column":60},"end":{"line":6,"column":null}},"loc":{"start":{"line":6,"column":60},"end":{"line":16,"column":3}}}},"branchMap":{},"s":{"0":3,"1":3,"2":3,"3":1,"4":1,"5":1,"6":1},"f":{"0":1,"1":1},"b":{}}
,"C:\\Users\\developed\\Desktop\\codepilot-backend\\src\\controllers\\v1\\product\\create-product.ts": {"path":"C:\\Users\\developed\\Desktop\\codepilot-backend\\src\\controllers\\v1\\product\\create-product.ts","statementMap":{"0":{"start":{"line":1,"column":0},"end":{"line":1,"column":45}},"1":{"start":{"line":2,"column":0},"end":{"line":2,"column":43}},"2":{"start":{"line":6,"column":13},"end":{"line":23,"column":2}},"3":{"start":{"line":7,"column":60},"end":{"line":22,"column":null}},"4":{"start":{"line":8,"column":48},"end":{"line":8,"column":71}},"5":{"start":{"line":10,"column":23},"end":{"line":15,"column":6}},"6":{"start":{"line":17,"column":4},"end":{"line":21,"column":7}}},"fnMap":{"0":{"name":"(anonymous_7)","decl":{"start":{"line":7,"column":2},"end":{"line":7,"column":9}},"loc":{"start":{"line":7,"column":60},"end":{"line":22,"column":null}}},"1":{"name":"(anonymous_8)","decl":{"start":{"line":7,"column":60},"end":{"line":7,"column":null}},"loc":{"start":{"line":7,"column":60},"end":{"line":22,"column":3}}}},"branchMap":{},"s":{"0":3,"1":3,"2":3,"3":2,"4":2,"5":2,"6":2},"f":{"0":2,"1":2},"b":{}}
,"C:\\Users\\developed\\Desktop\\codepilot-backend\\src\\controllers\\v1\\product\\getall-product.ts": {"path":"C:\\Users\\developed\\Desktop\\codepilot-backend\\src\\controllers\\v1\\product\\getall-product.ts","statementMap":{"0":{"start":{"line":2,"column":0},"end":{"line":2,"column":43}},"1":{"start":{"line":3,"column":0},"end":{"line":3,"column":45}},"2":{"start":{"line":5,"column":13},"end":{"line":13,"column":2}},"3":{"start":{"line":6,"column":40},"end":{"line":12,"column":null}},"4":{"start":{"line":7,"column":21},"end":{"line":7,"column":41}},"5":{"start":{"line":8,"column":4},"end":{"line":11,"column":7}}},"fnMap":{"0":{"name":"(anonymous_7)","decl":{"start":{"line":6,"column":2},"end":{"line":6,"column":9}},"loc":{"start":{"line":6,"column":40},"end":{"line":12,"column":null}}},"1":{"name":"(anonymous_8)","decl":{"start":{"line":6,"column":40},"end":{"line":6,"column":null}},"loc":{"start":{"line":6,"column":40},"end":{"line":12,"column":3}}}},"branchMap":{},"s":{"0":2,"1":2,"2":2,"3":0,"4":0,"5":0},"f":{"0":0,"1":0},"b":{}}
,"C:\\Users\\developed\\Desktop\\codepilot-backend\\src\\controllers\\v1\\user\\current-user.ts": {"path":"C:\\Users\\developed\\Desktop\\codepilot-backend\\src\\controllers\\v1\\user\\current-user.ts","statementMap":{"0":{"start":{"line":2,"column":0},"end":{"line":2,"column":37}},"1":{"start":{"line":3,"column":0},"end":{"line":3,"column":55}},"2":{"start":{"line":5,"column":13},"end":{"line":14,"column":2}},"3":{"start":{"line":6,"column":60},"end":{"line":13,"column":null}},"4":{"start":{"line":7,"column":19},"end":{"line":7,"column":29}},"5":{"start":{"line":8,"column":17},"end":{"line":8,"column":64}},"6":{"start":{"line":9,"column":4},"end":{"line":11,"column":5}},"7":{"start":{"line":10,"column":6},"end":{"line":10,"column":55}},"8":{"start":{"line":12,"column":4},"end":{"line":12,"column":50}}},"fnMap":{"0":{"name":"(anonymous_7)","decl":{"start":{"line":6,"column":2},"end":{"line":6,"column":9}},"loc":{"start":{"line":6,"column":60},"end":{"line":13,"column":null}}},"1":{"name":"(anonymous_8)","decl":{"start":{"line":6,"column":60},"end":{"line":6,"column":null}},"loc":{"start":{"line":6,"column":60},"end":{"line":13,"column":3}}}},"branchMap":{"0":{"loc":{"start":{"line":9,"column":4},"end":{"line":11,"column":5}},"type":"if","locations":[{"start":{"line":9,"column":4},"end":{"line":11,"column":5}}]}},"s":{"0":2,"1":2,"2":2,"3":0,"4":0,"5":0,"6":0,"7":0,"8":0},"f":{"0":0,"1":0},"b":{"0":[0]}}
,"C:\\Users\\developed\\Desktop\\codepilot-backend\\src\\middleware\\authentication.ts": {"path":"C:\\Users\\developed\\Desktop\\codepilot-backend\\src\\middleware\\authentication.ts","statementMap":{"0":{"start":{"line":1,"column":0},"end":{"line":1,"column":55}},"1":{"start":{"line":4,"column":0},"end":{"line":4,"column":47}},"2":{"start":{"line":6,"column":21},"end":{"line":23,"column":null}},"3":{"start":{"line":7,"column":60},"end":{"line":23,"column":null}},"4":{"start":{"line":8,"column":30},"end":{"line":8,"column":41}},"5":{"start":{"line":10,"column":4},"end":{"line":12,"column":5}},"6":{"start":{"line":11,"column":6},"end":{"line":11,"column":61}},"7":{"start":{"line":14,"column":18},"end":{"line":14,"column":46}},"8":{"start":{"line":15,"column":20},"end":{"line":15,"column":60}},"9":{"start":{"line":17,"column":4},"end":{"line":19,"column":5}},"10":{"start":{"line":18,"column":6},"end":{"line":18,"column":61}},"11":{"start":{"line":21,"column":4},"end":{"line":21,"column":32}},"12":{"start":{"line":22,"column":4},"end":{"line":22,"column":11}},"13":{"start":{"line":26,"column":9},"end":{"line":26,"column":21}}},"fnMap":{"0":{"name":"(anonymous_7)","decl":{"start":{"line":7,"column":2},"end":{"line":7,"column":9}},"loc":{"start":{"line":7,"column":60},"end":{"line":23,"column":null}}},"1":{"name":"(anonymous_8)","decl":{"start":{"line":7,"column":60},"end":{"line":7,"column":null}},"loc":{"start":{"line":7,"column":60},"end":{"line":23,"column":3}}}},"branchMap":{"0":{"loc":{"start":{"line":10,"column":4},"end":{"line":12,"column":5}},"type":"if","locations":[{"start":{"line":10,"column":4},"end":{"line":12,"column":5}}]},"1":{"loc":{"start":{"line":10,"column":8},"end":{"line":10,"column":62}},"type":"binary-expr","locations":[{"start":{"line":10,"column":8},"end":{"line":10,"column":22}},{"start":{"line":10,"column":26},"end":{"line":10,"column":62}}]},"2":{"loc":{"start":{"line":17,"column":4},"end":{"line":19,"column":5}},"type":"if","locations":[{"start":{"line":17,"column":4},"end":{"line":19,"column":5}}]},"3":{"loc":{"start":{"line":17,"column":8},"end":{"line":17,"column":35}},"type":"binary-expr","locations":[{"start":{"line":17,"column":8},"end":{"line":17,"column":16}},{"start":{"line":17,"column":20},"end":{"line":17,"column":35}}]}},"s":{"0":2,"1":2,"2":2,"3":1,"4":1,"5":1,"6":0,"7":1,"8":1,"9":1,"10":0,"11":1,"12":1,"13":2},"f":{"0":1,"1":1},"b":{"0":[0],"1":[1,1],"2":[0],"3":[1,1]}}
,"C:\\Users\\developed\\Desktop\\codepilot-backend\\src\\middleware\\validation.ts": {"path":"C:\\Users\\developed\\Desktop\\codepilot-backend\\src\\middleware\\validation.ts","statementMap":{"0":{"start":{"line":1,"column":0},"end":{"line":1,"column":53}},"1":{"start":{"line":3,"column":0},"end":{"line":3,"column":43}},"2":{"start":{"line":5,"column":24},"end":{"line":23,"column":1}},"3":{"start":{"line":10,"column":17},"end":{"line":10,"column":38}},"4":{"start":{"line":11,"column":2},"end":{"line":21,"column":3}},"5":{"start":{"line":12,"column":4},"end":{"line":20,"column":6}},"6":{"start":{"line":16,"column":24},"end":{"line":16,"column":31}},"7":{"start":{"line":22,"column":2},"end":{"line":22,"column":9}},"8":{"start":{"line":25,"column":9},"end":{"line":25,"column":24}}},"fnMap":{"0":{"name":"(anonymous_0)","decl":{"start":{"line":5,"column":24},"end":{"line":5,"column":null}},"loc":{"start":{"line":9,"column":10},"end":{"line":23,"column":1}}},"1":{"name":"(anonymous_1)","decl":{"start":{"line":16,"column":15},"end":{"line":16,"column":16}},"loc":{"start":{"line":16,"column":24},"end":{"line":16,"column":31}}}},"branchMap":{"0":{"loc":{"start":{"line":11,"column":2},"end":{"line":21,"column":3}},"type":"if","locations":[{"start":{"line":11,"column":2},"end":{"line":21,"column":3}}]}},"s":{"0":2,"1":2,"2":2,"3":5,"4":5,"5":0,"6":0,"7":5,"8":2},"f":{"0":5,"1":0},"b":{"0":[0]}}
,"C:\\Users\\developed\\Desktop\\codepilot-backend\\src\\models\\cart.ts": {"path":"C:\\Users\\developed\\Desktop\\codepilot-backend\\src\\models\\cart.ts","statementMap":{"0":{"start":{"line":1,"column":0},"end":{"line":1,"column":48}},"1":{"start":{"line":8,"column":19},"end":{"line":24,"column":null}},"2":{"start":{"line":27,"column":13},"end":{"line":27,"column":53}}},"fnMap":{},"branchMap":{},"s":{"0":5,"1":5,"2":5},"f":{},"b":{}}
,"C:\\Users\\developed\\Desktop\\codepilot-backend\\src\\models\\product.ts": {"path":"C:\\Users\\developed\\Desktop\\codepilot-backend\\src\\models\\product.ts","statementMap":{"0":{"start":{"line":1,"column":0},"end":{"line":1,"column":41}},"1":{"start":{"line":10,"column":22},"end":{"line":19,"column":null}},"2":{"start":{"line":22,"column":13},"end":{"line":22,"column":65}}},"fnMap":{},"branchMap":{},"s":{"0":3,"1":3,"2":3},"f":{},"b":{}}
,"C:\\Users\\developed\\Desktop\\codepilot-backend\\src\\models\\user.ts": {"path":"C:\\Users\\developed\\Desktop\\codepilot-backend\\src\\models\\user.ts","statementMap":{"0":{"start":{"line":1,"column":0},"end":{"line":1,"column":41}},"1":{"start":{"line":2,"column":0},"end":{"line":2,"column":28}},"2":{"start":{"line":11,"column":19},"end":{"line":19,"column":null}},"3":{"start":{"line":22,"column":0},"end":{"line":27,"column":3}},"4":{"start":{"line":23,"column":2},"end":{"line":23,"column":50}},"5":{"start":{"line":23,"column":36},"end":{"line":23,"column":50}},"6":{"start":{"line":24,"column":15},"end":{"line":24,"column":39}},"7":{"start":{"line":25,"column":2},"end":{"line":25,"column":57}},"8":{"start":{"line":26,"column":2},"end":{"line":26,"column":9}},"9":{"start":{"line":29,"column":0},"end":{"line":33,"column":2}},"10":{"start":{"line":32,"column":2},"end":{"line":32,"column":64}},"11":{"start":{"line":35,"column":13},"end":{"line":35,"column":53}}},"fnMap":{"0":{"name":"(anonymous_8)","decl":{"start":{"line":22,"column":23},"end":{"line":22,"column":39}},"loc":{"start":{"line":22,"column":43},"end":{"line":27,"column":2}}},"1":{"name":"(anonymous_10)","decl":{"start":{"line":29,"column":37},"end":{"line":29,"column":null}},"loc":{"start":{"line":30,"column":27},"end":{"line":33,"column":2}}}},"branchMap":{"0":{"loc":{"start":{"line":23,"column":2},"end":{"line":23,"column":50}},"type":"if","locations":[{"start":{"line":23,"column":2},"end":{"line":23,"column":50}}]}},"s":{"0":3,"1":3,"2":3,"3":3,"4":2,"5":0,"6":2,"7":2,"8":2,"9":3,"10":2,"11":3},"f":{"0":2,"1":2},"b":{"0":[0]}}
,"C:\\Users\\developed\\Desktop\\codepilot-backend\\src\\routes\\v1\\auth.ts": {"path":"C:\\Users\\developed\\Desktop\\codepilot-backend\\src\\routes\\v1\\auth.ts","statementMap":{"0":{"start":{"line":1,"column":0},"end":{"line":1,"column":33}},"1":{"start":{"line":2,"column":0},"end":{"line":2,"column":41}},"2":{"start":{"line":3,"column":0},"end":{"line":3,"column":37}},"3":{"start":{"line":4,"column":0},"end":{"line":4,"column":52}},"4":{"start":{"line":5,"column":0},"end":{"line":5,"column":54}},"5":{"start":{"line":6,"column":0},"end":{"line":6,"column":58}},"6":{"start":{"line":7,"column":0},"end":{"line":7,"column":59}},"7":{"start":{"line":8,"column":0},"end":{"line":8,"column":58}},"8":{"start":{"line":12,"column":15},"end":{"line":12,"column":23}},"9":{"start":{"line":81,"column":19},"end":{"line":81,"column":29}},"10":{"start":{"line":14,"column":0},"end":{"line":37,"column":2}},"11":{"start":{"line":21,"column":34},"end":{"line":28,"column":6}},"12":{"start":{"line":23,"column":19},"end":{"line":23,"column":54}},"13":{"start":{"line":24,"column":6},"end":{"line":26,"column":7}},"14":{"start":{"line":25,"column":8},"end":{"line":25,"column":48}},"15":{"start":{"line":27,"column":6},"end":{"line":27,"column":18}},"16":{"start":{"line":40,"column":0},"end":{"line":76,"column":2}},"17":{"start":{"line":49,"column":28},"end":{"line":55,"column":6}},"18":{"start":{"line":50,"column":19},"end":{"line":50,"column":54}},"19":{"start":{"line":51,"column":6},"end":{"line":53,"column":7}},"20":{"start":{"line":52,"column":8},"end":{"line":52,"column":43}},"21":{"start":{"line":54,"column":6},"end":{"line":54,"column":18}},"22":{"start":{"line":62,"column":40},"end":{"line":73,"column":6}},"23":{"start":{"line":63,"column":24},"end":{"line":63,"column":32}},"24":{"start":{"line":64,"column":19},"end":{"line":64,"column":75}},"25":{"start":{"line":65,"column":6},"end":{"line":67,"column":7}},"26":{"start":{"line":66,"column":8},"end":{"line":66,"column":42}},"27":{"start":{"line":68,"column":22},"end":{"line":68,"column":58}},"28":{"start":{"line":69,"column":6},"end":{"line":71,"column":7}},"29":{"start":{"line":70,"column":8},"end":{"line":70,"column":44}},"30":{"start":{"line":72,"column":6},"end":{"line":72,"column":18}},"31":{"start":{"line":79,"column":0},"end":{"line":79,"column":47}}},"fnMap":{"0":{"name":"(anonymous_7)","decl":{"start":{"line":21,"column":12},"end":{"line":21,"column":19}},"loc":{"start":{"line":21,"column":34},"end":{"line":28,"column":6}}},"1":{"name":"(anonymous_8)","decl":{"start":{"line":21,"column":34},"end":{"line":21,"column":null}},"loc":{"start":{"line":21,"column":30},"end":{"line":28,"column":5}}},"2":{"name":"(anonymous_9)","decl":{"start":{"line":49,"column":12},"end":{"line":49,"column":19}},"loc":{"start":{"line":49,"column":28},"end":{"line":55,"column":6}}},"3":{"name":"(anonymous_10)","decl":{"start":{"line":49,"column":28},"end":{"line":49,"column":null}},"loc":{"start":{"line":49,"column":28},"end":{"line":55,"column":5}}},"4":{"name":"(anonymous_11)","decl":{"start":{"line":62,"column":12},"end":{"line":62,"column":19}},"loc":{"start":{"line":62,"column":40},"end":{"line":73,"column":6}}},"5":{"name":"(anonymous_12)","decl":{"start":{"line":62,"column":40},"end":{"line":62,"column":null}},"loc":{"start":{"line":62,"column":36},"end":{"line":73,"column":5}}}},"branchMap":{"0":{"loc":{"start":{"line":24,"column":6},"end":{"line":26,"column":7}},"type":"if","locations":[{"start":{"line":24,"column":6},"end":{"line":26,"column":7}}]},"1":{"loc":{"start":{"line":51,"column":6},"end":{"line":53,"column":7}},"type":"if","locations":[{"start":{"line":51,"column":6},"end":{"line":53,"column":7}}]},"2":{"loc":{"start":{"line":65,"column":6},"end":{"line":67,"column":7}},"type":"if","locations":[{"start":{"line":65,"column":6},"end":{"line":67,"column":7}}]},"3":{"loc":{"start":{"line":69,"column":6},"end":{"line":71,"column":7}},"type":"if","locations":[{"start":{"line":69,"column":6},"end":{"line":71,"column":7}}]}},"s":{"0":2,"1":2,"2":2,"3":2,"4":2,"5":2,"6":2,"7":2,"8":2,"9":2,"10":2,"11":2,"12":2,"13":2,"14":0,"15":2,"16":2,"17":2,"18":2,"19":2,"20":0,"21":2,"22":2,"23":2,"24":2,"25":2,"26":0,"27":2,"28":2,"29":0,"30":2,"31":2},"f":{"0":2,"1":2,"2":2,"3":2,"4":2,"5":2},"b":{"0":[0],"1":[0],"2":[0],"3":[0]}}
,"C:\\Users\\developed\\Desktop\\codepilot-backend\\src\\routes\\v1\\cart.ts": {"path":"C:\\Users\\developed\\Desktop\\codepilot-backend\\src\\routes\\v1\\cart.ts","statementMap":{"0":{"start":{"line":1,"column":0},"end":{"line":1,"column":33}},"1":{"start":{"line":2,"column":0},"end":{"line":2,"column":59}},"2":{"start":{"line":3,"column":0},"end":{"line":3,"column":41}},"3":{"start":{"line":4,"column":0},"end":{"line":4,"column":58}},"4":{"start":{"line":5,"column":0},"end":{"line":5,"column":62}},"5":{"start":{"line":6,"column":0},"end":{"line":6,"column":68}},"6":{"start":{"line":7,"column":0},"end":{"line":7,"column":70}},"7":{"start":{"line":10,"column":15},"end":{"line":10,"column":23}},"8":{"start":{"line":27,"column":19},"end":{"line":27,"column":29}},"9":{"start":{"line":12,"column":0},"end":{"line":21,"column":2}},"10":{"start":{"line":23,"column":0},"end":{"line":23,"column":63}},"11":{"start":{"line":25,"column":0},"end":{"line":25,"column":73}}},"fnMap":{},"branchMap":{},"s":{"0":2,"1":2,"2":2,"3":2,"4":2,"5":2,"6":2,"7":2,"8":2,"9":2,"10":2,"11":2},"f":{},"b":{}}
,"C:\\Users\\developed\\Desktop\\codepilot-backend\\src\\routes\\v1\\index.ts": {"path":"C:\\Users\\developed\\Desktop\\codepilot-backend\\src\\routes\\v1\\index.ts","statementMap":{"0":{"start":{"line":1,"column":0},"end":{"line":1,"column":33}},"1":{"start":{"line":2,"column":0},"end":{"line":2,"column":36}},"2":{"start":{"line":3,"column":0},"end":{"line":3,"column":36}},"3":{"start":{"line":4,"column":0},"end":{"line":4,"column":42}},"4":{"start":{"line":5,"column":0},"end":{"line":5,"column":36}},"5":{"start":{"line":7,"column":15},"end":{"line":7,"column":23}},"6":{"start":{"line":9,"column":0},"end":{"line":9,"column":32}},"7":{"start":{"line":10,"column":0},"end":{"line":10,"column":32}},"8":{"start":{"line":11,"column":0},"end":{"line":11,"column":32}},"9":{"start":{"line":12,"column":0},"end":{"line":12,"column":39}},"10":{"start":{"line":14,"column":0},"end":{"line":14,"column":22}}},"fnMap":{},"branchMap":{},"s":{"0":2,"1":2,"2":2,"3":2,"4":2,"5":2,"6":2,"7":2,"8":2,"9":2,"10":2},"f":{},"b":{}}
,"C:\\Users\\developed\\Desktop\\codepilot-backend\\src\\routes\\v1\\product.ts": {"path":"C:\\Users\\developed\\Desktop\\codepilot-backend\\src\\routes\\v1\\product.ts","statementMap":{"0":{"start":{"line":1,"column":0},"end":{"line":1,"column":33}},"1":{"start":{"line":2,"column":0},"end":{"line":2,"column":41}},"2":{"start":{"line":3,"column":0},"end":{"line":3,"column":59}},"3":{"start":{"line":4,"column":0},"end":{"line":4,"column":58}},"4":{"start":{"line":5,"column":0},"end":{"line":5,"column":72}},"5":{"start":{"line":6,"column":0},"end":{"line":6,"column":73}},"6":{"start":{"line":8,"column":15},"end":{"line":8,"column":23}},"7":{"start":{"line":30,"column":19},"end":{"line":30,"column":32}},"8":{"start":{"line":10,"column":0},"end":{"line":26,"column":2}},"9":{"start":{"line":28,"column":0},"end":{"line":28,"column":62}}},"fnMap":{},"branchMap":{},"s":{"0":2,"1":2,"2":2,"3":2,"4":2,"5":2,"6":2,"7":2,"8":2,"9":2},"f":{},"b":{}}
,"C:\\Users\\developed\\Desktop\\codepilot-backend\\src\\routes\\v1\\user.ts": {"path":"C:\\Users\\developed\\Desktop\\codepilot-backend\\src\\routes\\v1\\user.ts","statementMap":{"0":{"start":{"line":1,"column":0},"end":{"line":1,"column":33}},"1":{"start":{"line":2,"column":0},"end":{"line":2,"column":59}},"2":{"start":{"line":3,"column":0},"end":{"line":3,"column":68}},"3":{"start":{"line":5,"column":15},"end":{"line":5,"column":23}},"4":{"start":{"line":10,"column":19},"end":{"line":10,"column":29}},"5":{"start":{"line":8,"column":0},"end":{"line":8,"column":58}}},"fnMap":{},"branchMap":{},"s":{"0":2,"1":2,"2":2,"3":2,"4":2,"5":2},"f":{},"b":{}}
,"C:\\Users\\developed\\Desktop\\codepilot-backend\\tests\\utils\\test-server.ts": {"path":"C:\\Users\\developed\\Desktop\\codepilot-backend\\tests\\utils\\test-server.ts","statementMap":{"0":{"start":{"line":2,"column":0},"end":{"line":2,"column":34}},"1":{"start":{"line":3,"column":0},"end":{"line":3,"column":32}},"2":{"start":{"line":4,"column":0},"end":{"line":4,"column":null}},"3":{"start":{"line":10,"column":31},"end":{"line":23,"column":2}},"4":{"start":{"line":10,"column":42},"end":{"line":23,"column":2}},"5":{"start":{"line":12,"column":2},"end":{"line":12,"column":56}},"6":{"start":{"line":13,"column":2},"end":{"line":14,"column":51}},"7":{"start":{"line":15,"column":2},"end":{"line":15,"column":78}},"8":{"start":{"line":17,"column":2},"end":{"line":19,"column":69}},"9":{"start":{"line":21,"column":2},"end":{"line":21,"column":28}},"10":{"start":{"line":22,"column":2},"end":{"line":22,"column":24}},"11":{"start":{"line":10,"column":13},"end":{"line":10,"column":31}},"12":{"start":{"line":25,"column":30},"end":{"line":33,"column":2}},"13":{"start":{"line":25,"column":41},"end":{"line":33,"column":2}},"14":{"start":{"line":26,"column":2},"end":{"line":32,"column":3}},"15":{"start":{"line":27,"column":4},"end":{"line":27,"column":35}},"16":{"start":{"line":31,"column":4},"end":{"line":31,"column":23}},"17":{"start":{"line":25,"column":13},"end":{"line":25,"column":30}},"18":{"start":{"line":35,"column":0},"end":{"line":35,"column":31}}},"fnMap":{"0":{"name":"(anonymous_8)","decl":{"start":{"line":10,"column":31},"end":{"line":10,"column":40}},"loc":{"start":{"line":10,"column":42},"end":{"line":23,"column":2}}},"1":{"name":"(anonymous_9)","decl":{"start":{"line":10,"column":42},"end":{"line":10,"column":null}},"loc":{"start":{"line":10,"column":42},"end":{"line":23,"column":1}}},"2":{"name":"(anonymous_10)","decl":{"start":{"line":25,"column":30},"end":{"line":25,"column":39}},"loc":{"start":{"line":25,"column":41},"end":{"line":33,"column":2}}},"3":{"name":"(anonymous_11)","decl":{"start":{"line":25,"column":41},"end":{"line":25,"column":null}},"loc":{"start":{"line":25,"column":41},"end":{"line":33,"column":1}}}},"branchMap":{"0":{"loc":{"start":{"line":12,"column":25},"end":{"line":12,"column":55}},"type":"binary-expr","locations":[{"start":{"line":12,"column":25},"end":{"line":12,"column":45}},{"start":{"line":12,"column":49},"end":{"line":12,"column":55}}]},"1":{"loc":{"start":{"line":14,"column":4},"end":{"line":14,"column":50}},"type":"binary-expr","locations":[{"start":{"line":14,"column":4},"end":{"line":14,"column":33}},{"start":{"line":14,"column":37},"end":{"line":14,"column":50}}]},"2":{"loc":{"start":{"line":15,"column":37},"end":{"line":15,"column":77}},"type":"binary-expr","locations":[{"start":{"line":15,"column":37},"end":{"line":15,"column":69}},{"start":{"line":15,"column":73},"end":{"line":15,"column":77}}]},"3":{"loc":{"start":{"line":18,"column":4},"end":{"line":19,"column":68}},"type":"binary-expr","locations":[{"start":{"line":18,"column":4},"end":{"line":18,"column":25}},{"start":{"line":19,"column":4},"end":{"line":19,"column":68}}]}},"s":{"0":2,"1":2,"2":2,"3":2,"4":2,"5":2,"6":2,"7":2,"8":2,"9":2,"10":2,"11":2,"12":2,"13":2,"14":2,"15":2,"16":0,"17":2,"18":2},"f":{"0":2,"1":2,"2":2,"3":2},"b":{"0":[2,0],"1":[2,2],"2":[2,2],"3":[2,2]}}
}
