TN:
SF:src\app.ts
FN:22,(anonymous_1)
FN:26,(anonymous_2)
FNF:2
FNH:0
FNDA:0,(anonymous_1)
FNDA:0,(anonymous_2)
DA:1,2
DA:2,2
DA:3,2
DA:4,2
DA:5,2
DA:6,2
DA:7,2
DA:8,2
DA:9,2
DA:11,2
DA:13,2
DA:14,2
DA:15,2
DA:16,2
DA:17,2
DA:18,2
DA:20,2
DA:22,2
DA:23,0
DA:26,2
DA:27,0
DA:28,0
DA:31,2
LF:23
LH:20
BRF:0
BRH:0
end_of_record
TN:
SF:src\_lib\appError.ts
FN:8,(anonymous_0)
FN:19,(anonymous_1)
FN:22,(anonymous_2)
FNF:3
FNH:2
FNDA:0,(anonymous_0)
FNDA:26,(anonymous_1)
FNDA:13,(anonymous_2)
DA:8,0
DA:9,0
DA:10,0
DA:11,0
DA:12,0
DA:13,0
DA:14,0
DA:19,8
DA:22,26
DA:23,13
DA:26,8
LF:11
LH:4
BRDA:11,0,0,0
BRDA:11,0,1,0
BRF:2
BRH:0
end_of_record
TN:
SF:src\_lib\cors.ts
FN:4,(anonymous_0)
FNF:1
FNH:1
FNDA:5,(anonymous_0)
DA:3,2
DA:5,5
DA:11,5
DA:13,0
DA:22,2
LF:5
LH:4
BRDA:5,0,0,5
BRDA:5,0,1,0
BRDA:6,1,0,5
BRDA:6,1,1,5
BRDA:6,1,2,0
BRDA:6,1,3,0
BRDA:6,1,4,0
BRF:7
BRH:3
end_of_record
TN:
SF:src\_lib\jwt.ts
FN:6,(anonymous_8)
FN:14,(anonymous_9)
FN:17,(anonymous_10)
FN:30,(anonymous_11)
FNF:4
FNH:4
FNDA:5,(anonymous_8)
FNDA:4,(anonymous_9)
FNDA:4,(anonymous_10)
FNDA:2,(anonymous_11)
DA:1,4
DA:6,4
DA:7,5
DA:11,5
DA:14,4
DA:17,4
DA:18,4
DA:20,4
DA:27,4
DA:30,4
DA:31,2
LF:11
LH:11
BRF:0
BRH:0
end_of_record
TN:
SF:src\_lib\mongoose.ts
FN:15,(anonymous_8)
FN:15,(anonymous_9)
FN:29,(anonymous_10)
FN:29,(anonymous_11)
FNF:4
FNH:4
FNDA:2,(anonymous_8)
FNDA:2,(anonymous_9)
FNDA:2,(anonymous_10)
FNDA:2,(anonymous_11)
DA:1,2
DA:6,2
DA:15,2
DA:16,2
DA:17,2
DA:18,2
DA:19,0
DA:21,2
DA:24,0
DA:25,0
DA:29,2
DA:30,2
DA:31,2
DA:34,0
LF:14
LH:10
BRDA:18,0,0,0
BRF:1
BRH:0
end_of_record
TN:
SF:src\controllers\error.ts
FN:6,(anonymous_0)
FN:11,(anonymous_1)
FN:16,(anonymous_2)
FN:22,(anonymous_3)
FN:23,(anonymous_4)
FN:28,(anonymous_5)
FN:31,(anonymous_6)
FN:34,(anonymous_7)
FN:45,(anonymous_8)
FN:64,(anonymous_9)
FNF:10
FNH:0
FNDA:0,(anonymous_0)
FNDA:0,(anonymous_1)
FNDA:0,(anonymous_2)
FNDA:0,(anonymous_3)
FNDA:0,(anonymous_4)
FNDA:0,(anonymous_5)
FNDA:0,(anonymous_6)
FNDA:0,(anonymous_7)
FNDA:0,(anonymous_8)
FNDA:0,(anonymous_9)
DA:2,2
DA:4,2
DA:6,2
DA:7,0
DA:8,0
DA:11,2
DA:12,0
DA:13,0
DA:16,2
DA:17,0
DA:18,0
DA:19,0
DA:22,2
DA:23,0
DA:24,0
DA:25,0
DA:28,2
DA:29,0
DA:31,2
DA:32,0
DA:34,2
DA:38,0
DA:45,2
DA:50,0
DA:51,0
DA:57,0
DA:64,2
DA:68,0
DA:70,0
DA:72,0
DA:74,0
DA:75,0
DA:76,0
DA:77,0
LF:34
LH:11
BRDA:4,0,0,2
BRDA:4,0,1,0
BRDA:17,1,0,0
BRDA:17,1,1,0
BRDA:17,2,0,0
BRDA:17,2,1,0
BRDA:17,3,0,0
BRDA:17,3,1,0
BRDA:17,4,0,0
BRDA:17,4,1,0
BRDA:17,5,0,0
BRDA:17,5,1,0
BRDA:17,6,0,0
BRDA:17,6,1,0
BRDA:38,7,0,0
BRDA:38,7,1,0
BRDA:50,8,0,0
BRDA:50,8,1,0
BRDA:51,9,0,0
BRDA:51,9,1,0
BRDA:68,10,0,0
BRDA:70,11,0,0
BRDA:72,12,0,0
BRDA:74,13,0,0
BRDA:75,14,0,0
BRDA:76,15,0,0
BRF:26
BRH:1
end_of_record
TN:
SF:src\controllers\v1\auth\login.ts
FN:8,(anonymous_7)
FN:8,(anonymous_8)
FNF:2
FNH:2
FNDA:2,(anonymous_7)
FNDA:2,(anonymous_8)
DA:1,2
DA:3,2
DA:4,2
DA:7,2
DA:8,2
DA:9,2
DA:11,2
DA:13,2
DA:15,2
DA:22,2
LF:10
LH:10
BRF:0
BRH:0
end_of_record
TN:
SF:src\controllers\v1\auth\logout.ts
FN:5,(anonymous_7)
FN:5,(anonymous_8)
FNF:2
FNH:2
FNDA:1,(anonymous_7)
FNDA:1,(anonymous_8)
DA:2,3
DA:4,3
DA:5,1
DA:6,1
DA:7,1
DA:10,3
LF:6
LH:6
BRF:0
BRH:0
end_of_record
TN:
SF:src\controllers\v1\auth\register.ts
FN:8,(anonymous_7)
FN:8,(anonymous_8)
FNF:2
FNH:2
FNDA:3,(anonymous_7)
FNDA:3,(anonymous_8)
DA:3,3
DA:4,3
DA:5,3
DA:7,3
DA:8,3
DA:9,3
DA:10,3
DA:11,3
DA:13,3
DA:21,3
LF:10
LH:10
BRF:0
BRH:0
end_of_record
TN:
SF:src\controllers\v1\cart\add-to-cart.ts
FN:7,(anonymous_7)
FN:7,(anonymous_8)
FN:26,(anonymous_9)
FNF:3
FNH:3
FNDA:2,(anonymous_7)
FNDA:2,(anonymous_8)
FNDA:1,(anonymous_9)
DA:2,3
DA:3,3
DA:6,3
DA:7,2
DA:8,2
DA:9,2
DA:11,2
DA:13,2
DA:14,1
DA:19,1
DA:25,1
DA:26,1
DA:29,1
DA:30,1
DA:32,0
DA:35,1
DA:37,1
LF:17
LH:16
BRDA:13,0,0,1
BRDA:29,1,0,1
BRDA:29,1,1,0
BRF:3
BRH:2
end_of_record
TN:
SF:src\controllers\v1\cart\get-cart-length.ts
FN:6,(anonymous_7)
FN:6,(anonymous_8)
FN:9,(anonymous_9)
FNF:3
FNH:3
FNDA:1,(anonymous_7)
FNDA:1,(anonymous_8)
FNDA:2,(anonymous_9)
DA:2,3
DA:3,3
DA:5,3
DA:6,1
DA:7,1
DA:8,1
DA:9,1
DA:10,2
DA:13,1
DA:19,3
LF:10
LH:10
BRF:0
BRH:0
end_of_record
TN:
SF:src\controllers\v1\cart\getall-item.ts
FN:6,(anonymous_7)
FN:6,(anonymous_8)
FNF:2
FNH:2
FNDA:1,(anonymous_7)
FNDA:1,(anonymous_8)
DA:2,3
DA:3,3
DA:5,3
DA:6,1
DA:7,1
DA:8,1
DA:12,1
LF:7
LH:7
BRF:0
BRH:0
end_of_record
TN:
SF:src\controllers\v1\product\create-product.ts
FN:7,(anonymous_7)
FN:7,(anonymous_8)
FNF:2
FNH:2
FNDA:2,(anonymous_7)
FNDA:2,(anonymous_8)
DA:1,3
DA:2,3
DA:6,3
DA:7,2
DA:8,2
DA:10,2
DA:17,2
LF:7
LH:7
BRF:0
BRH:0
end_of_record
TN:
SF:src\controllers\v1\product\getall-product.ts
FN:6,(anonymous_7)
FN:6,(anonymous_8)
FNF:2
FNH:0
FNDA:0,(anonymous_7)
FNDA:0,(anonymous_8)
DA:2,2
DA:3,2
DA:5,2
DA:6,0
DA:7,0
DA:8,0
LF:6
LH:3
BRF:0
BRH:0
end_of_record
TN:
SF:src\controllers\v1\user\current-user.ts
FN:6,(anonymous_7)
FN:6,(anonymous_8)
FNF:2
FNH:0
FNDA:0,(anonymous_7)
FNDA:0,(anonymous_8)
DA:2,2
DA:3,2
DA:5,2
DA:6,0
DA:7,0
DA:8,0
DA:9,0
DA:10,0
DA:12,0
LF:9
LH:3
BRDA:9,0,0,0
BRF:1
BRH:0
end_of_record
TN:
SF:src\middleware\authentication.ts
FN:7,(anonymous_7)
FN:7,(anonymous_8)
FNF:2
FNH:2
FNDA:1,(anonymous_7)
FNDA:1,(anonymous_8)
DA:1,2
DA:4,2
DA:6,2
DA:7,1
DA:8,1
DA:10,1
DA:11,0
DA:14,1
DA:15,1
DA:17,1
DA:18,0
DA:21,1
DA:22,1
DA:26,2
LF:14
LH:12
BRDA:10,0,0,0
BRDA:10,1,0,1
BRDA:10,1,1,1
BRDA:17,2,0,0
BRDA:17,3,0,1
BRDA:17,3,1,1
BRF:6
BRH:4
end_of_record
TN:
SF:src\middleware\validation.ts
FN:5,(anonymous_0)
FN:16,(anonymous_1)
FNF:2
FNH:1
FNDA:5,(anonymous_0)
FNDA:0,(anonymous_1)
DA:1,2
DA:3,2
DA:5,2
DA:10,5
DA:11,5
DA:12,0
DA:16,0
DA:22,5
DA:25,2
LF:9
LH:7
BRDA:11,0,0,0
BRF:1
BRH:0
end_of_record
TN:
SF:src\models\cart.ts
FNF:0
FNH:0
DA:1,5
DA:8,5
DA:27,5
LF:3
LH:3
BRF:0
BRH:0
end_of_record
TN:
SF:src\models\product.ts
FNF:0
FNH:0
DA:1,3
DA:10,3
DA:22,3
LF:3
LH:3
BRF:0
BRH:0
end_of_record
TN:
SF:src\models\user.ts
FN:22,(anonymous_8)
FN:29,(anonymous_10)
FNF:2
FNH:2
FNDA:2,(anonymous_8)
FNDA:2,(anonymous_10)
DA:1,3
DA:2,3
DA:11,3
DA:22,3
DA:23,2
DA:24,2
DA:25,2
DA:26,2
DA:29,3
DA:32,2
DA:35,3
LF:11
LH:11
BRDA:23,0,0,0
BRF:1
BRH:0
end_of_record
TN:
SF:src\routes\v1\auth.ts
FN:21,(anonymous_7)
FN:21,(anonymous_8)
FN:49,(anonymous_9)
FN:49,(anonymous_10)
FN:62,(anonymous_11)
FN:62,(anonymous_12)
FNF:6
FNH:6
FNDA:2,(anonymous_7)
FNDA:2,(anonymous_8)
FNDA:2,(anonymous_9)
FNDA:2,(anonymous_10)
FNDA:2,(anonymous_11)
FNDA:2,(anonymous_12)
DA:1,2
DA:2,2
DA:3,2
DA:4,2
DA:5,2
DA:6,2
DA:7,2
DA:8,2
DA:12,2
DA:14,2
DA:21,2
DA:23,2
DA:24,2
DA:25,0
DA:27,2
DA:40,2
DA:49,2
DA:50,2
DA:51,2
DA:52,0
DA:54,2
DA:62,2
DA:63,2
DA:64,2
DA:65,2
DA:66,0
DA:68,2
DA:69,2
DA:70,0
DA:72,2
DA:79,2
DA:81,2
LF:32
LH:28
BRDA:24,0,0,0
BRDA:51,1,0,0
BRDA:65,2,0,0
BRDA:69,3,0,0
BRF:4
BRH:0
end_of_record
TN:
SF:src\routes\v1\cart.ts
FNF:0
FNH:0
DA:1,2
DA:2,2
DA:3,2
DA:4,2
DA:5,2
DA:6,2
DA:7,2
DA:10,2
DA:12,2
DA:23,2
DA:25,2
DA:27,2
LF:12
LH:12
BRF:0
BRH:0
end_of_record
TN:
SF:src\routes\v1\index.ts
FNF:0
FNH:0
DA:1,2
DA:2,2
DA:3,2
DA:4,2
DA:5,2
DA:7,2
DA:9,2
DA:10,2
DA:11,2
DA:12,2
DA:14,2
LF:11
LH:11
BRF:0
BRH:0
end_of_record
TN:
SF:src\routes\v1\product.ts
FNF:0
FNH:0
DA:1,2
DA:2,2
DA:3,2
DA:4,2
DA:5,2
DA:6,2
DA:8,2
DA:10,2
DA:28,2
DA:30,2
LF:10
LH:10
BRF:0
BRH:0
end_of_record
TN:
SF:src\routes\v1\user.ts
FNF:0
FNH:0
DA:1,2
DA:2,2
DA:3,2
DA:5,2
DA:8,2
DA:10,2
LF:6
LH:6
BRF:0
BRH:0
end_of_record
TN:
SF:tests\utils\test-server.ts
FN:10,(anonymous_8)
FN:10,(anonymous_9)
FN:25,(anonymous_10)
FN:25,(anonymous_11)
FNF:4
FNH:4
FNDA:2,(anonymous_8)
FNDA:2,(anonymous_9)
FNDA:2,(anonymous_10)
FNDA:2,(anonymous_11)
DA:2,2
DA:3,2
DA:4,2
DA:10,2
DA:12,2
DA:13,2
DA:15,2
DA:17,2
DA:21,2
DA:22,2
DA:25,2
DA:26,2
DA:27,2
DA:31,0
DA:35,2
LF:15
LH:14
BRDA:12,0,0,2
BRDA:12,0,1,0
BRDA:14,1,0,2
BRDA:14,1,1,2
BRDA:15,2,0,2
BRDA:15,2,1,2
BRDA:18,3,0,2
BRDA:18,3,1,2
BRF:8
BRH:7
end_of_record
