TN:
SF:src\app.ts
FNF:0
FNH:0
DA:1,3
DA:2,3
DA:3,3
DA:5,3
DA:6,3
DA:7,3
DA:8,3
DA:11,3
DA:15,3
DA:16,3
DA:20,3
DA:24,3
DA:25,3
DA:26,3
DA:29,3
DA:30,3
LF:16
LH:16
BRF:0
BRH:0
end_of_record
TN:
SF:src\server.ts
FN:10,(anonymous_1)
FN:11,(anonymous_2)
FNF:2
FNH:0
FNDA:0,(anonymous_1)
FNDA:0,(anonymous_2)
DA:1,0
DA:2,0
DA:3,0
DA:5,0
DA:8,0
DA:10,0
DA:11,0
DA:12,0
LF:8
LH:0
BRDA:8,0,0,0
BRDA:8,0,1,0
BRDA:10,1,0,0
BRDA:10,1,1,0
BRF:4
BRH:0
end_of_record
TN:
SF:src\__tests__\setupTestDB.ts
FN:6,(anonymous_1)
FN:12,(anonymous_2)
FN:17,(anonymous_3)
FNF:3
FNH:3
FNDA:3,(anonymous_1)
FNDA:3,(anonymous_2)
FNDA:8,(anonymous_3)
DA:1,3
DA:2,3
DA:6,3
DA:7,3
DA:8,3
DA:9,3
DA:12,3
DA:13,3
DA:14,3
DA:17,3
DA:18,8
DA:19,8
DA:20,32
LF:13
LH:13
BRF:0
BRH:0
end_of_record
TN:
SF:src\config\db.ts
FN:3,(anonymous_1)
FN:16,(anonymous_2)
FNF:2
FNH:0
FNDA:0,(anonymous_1)
FNDA:0,(anonymous_2)
DA:1,0
DA:3,0
DA:4,0
DA:5,0
DA:8,0
DA:10,0
DA:11,0
DA:16,0
DA:17,0
DA:18,0
DA:19,0
DA:21,0
LF:12
LH:0
BRF:0
BRH:0
end_of_record
TN:
SF:src\controllers\authenticationController.ts
FN:17,(anonymous_1)
FN:50,(anonymous_2)
FN:106,(anonymous_3)
FN:154,(anonymous_4)
FNF:4
FNH:2
FNDA:2,(anonymous_1)
FNDA:1,(anonymous_2)
FNDA:0,(anonymous_3)
FNDA:0,(anonymous_4)
DA:3,3
DA:4,3
DA:6,3
DA:7,3
DA:9,3
DA:10,3
DA:11,3
DA:12,3
DA:13,3
DA:17,3
DA:19,2
DA:21,2
DA:22,0
DA:25,2
DA:26,1
DA:29,1
DA:30,1
DA:31,0
DA:35,1
DA:43,1
DA:44,1
DA:50,3
DA:51,1
DA:52,1
DA:53,1
DA:54,1
DA:55,0
DA:57,1
DA:59,1
DA:60,0
DA:63,1
DA:64,0
DA:65,0
DA:68,1
DA:69,1
DA:70,0
DA:71,0
DA:73,1
DA:75,1
DA:78,1
DA:79,1
DA:80,1
DA:82,0
DA:85,1
DA:92,1
DA:101,0
DA:102,0
DA:106,3
DA:107,0
DA:108,0
DA:110,0
DA:111,0
DA:112,0
DA:114,0
DA:115,0
DA:116,0
DA:117,0
DA:118,0
DA:120,0
DA:121,0
DA:123,0
DA:124,0
DA:125,0
DA:126,0
DA:128,0
DA:129,0
DA:130,0
DA:132,0
DA:139,0
DA:149,0
DA:150,0
DA:154,3
DA:155,0
DA:156,0
DA:157,0
DA:159,0
DA:161,0
DA:163,0
DA:165,0
DA:166,0
DA:167,0
DA:168,0
DA:170,0
DA:172,0
DA:173,0
DA:175,0
DA:180,0
LF:87
LH:38
BRDA:21,0,0,0
BRDA:21,0,1,2
BRDA:21,1,0,2
BRDA:21,1,1,2
BRDA:21,1,2,2
BRDA:21,1,3,2
BRDA:25,2,0,1
BRDA:25,2,1,1
BRDA:30,3,0,0
BRDA:30,3,1,1
BRDA:40,4,0,1
BRDA:40,4,1,1
BRDA:54,5,0,0
BRDA:54,5,1,1
BRDA:54,6,0,1
BRDA:54,6,1,1
BRDA:59,7,0,0
BRDA:59,7,1,1
BRDA:63,8,0,0
BRDA:63,8,1,1
BRDA:63,9,0,1
BRDA:63,9,1,0
BRDA:63,9,2,0
BRDA:69,10,0,0
BRDA:69,10,1,1
BRDA:78,11,0,1
BRDA:78,11,1,0
BRDA:78,12,0,1
BRDA:78,12,1,0
BRDA:108,13,0,0
BRDA:108,13,1,0
BRDA:114,14,0,0
BRDA:114,14,1,0
BRDA:116,15,0,0
BRDA:116,15,1,0
BRDA:118,16,0,0
BRDA:118,16,1,0
BRDA:156,17,0,0
BRDA:156,17,1,0
BRDA:163,18,0,0
BRDA:163,18,1,0
BRDA:166,19,0,0
BRDA:166,19,1,0
BRF:43
BRH:19
end_of_record
TN:
SF:src\controllers\orderController.ts
FN:6,(anonymous_1)
FN:31,(anonymous_2)
FN:45,(anonymous_3)
FN:54,(anonymous_4)
FN:64,(anonymous_5)
FN:74,(anonymous_6)
FNF:6
FNH:3
FNDA:1,(anonymous_1)
FNDA:1,(anonymous_2)
FNDA:0,(anonymous_3)
FNDA:0,(anonymous_4)
FNDA:0,(anonymous_5)
FNDA:2,(anonymous_6)
DA:2,3
DA:3,3
DA:4,3
DA:6,3
DA:7,1
DA:8,1
DA:10,1
DA:11,0
DA:15,1
DA:16,1
DA:17,1
DA:18,0
DA:19,0
DA:21,1
DA:22,1
DA:23,0
DA:25,1
DA:26,1
DA:29,1
DA:31,1
DA:39,1
DA:41,0
DA:45,3
DA:46,0
DA:47,0
DA:48,0
DA:50,0
DA:54,3
DA:55,0
DA:56,0
DA:57,0
DA:59,0
DA:64,3
DA:65,0
DA:66,0
DA:67,0
DA:68,0
DA:70,0
DA:74,3
DA:75,2
DA:76,2
DA:77,2
DA:78,2
DA:79,1
DA:80,1
DA:81,1
DA:83,0
LF:47
LH:28
BRDA:10,0,0,0
BRDA:10,0,1,1
BRDA:17,1,0,0
BRDA:17,1,1,1
BRDA:22,2,0,0
BRDA:22,2,1,1
BRDA:67,3,0,0
BRDA:67,3,1,0
BRDA:78,4,0,1
BRDA:78,4,1,1
BRF:10
BRH:5
end_of_record
TN:
SF:src\controllers\productController.ts
FN:9,(anonymous_1)
FN:33,(anonymous_2)
FN:43,(anonymous_3)
FN:54,(anonymous_4)
FN:80,(anonymous_5)
FNF:5
FNH:1
FNDA:1,(anonymous_1)
FNDA:0,(anonymous_2)
FNDA:0,(anonymous_3)
FNDA:0,(anonymous_4)
FNDA:0,(anonymous_5)
DA:2,3
DA:3,3
DA:4,3
DA:9,3
DA:10,1
DA:11,1
DA:12,1
DA:13,0
DA:15,1
DA:16,0
DA:18,1
DA:27,1
DA:29,0
DA:33,3
DA:34,0
DA:35,0
DA:37,0
DA:39,0
DA:43,3
DA:44,0
DA:45,0
DA:46,0
DA:48,0
DA:50,0
DA:54,3
DA:55,0
DA:56,0
DA:57,0
DA:59,0
DA:60,0
DA:61,0
DA:63,0
DA:64,0
DA:66,0
DA:67,0
DA:68,0
DA:69,0
DA:70,0
DA:71,0
DA:72,0
DA:74,0
DA:76,0
DA:80,3
DA:81,0
DA:82,0
DA:83,0
DA:84,0
DA:86,0
LF:48
LH:14
BRDA:12,0,0,0
BRDA:12,0,1,1
BRDA:15,1,0,0
BRDA:15,1,1,1
BRDA:15,2,0,1
BRDA:15,2,1,1
BRDA:15,2,2,1
BRDA:15,2,3,1
BRDA:15,2,4,1
BRDA:46,3,0,0
BRDA:46,3,1,0
BRDA:60,4,0,0
BRDA:60,4,1,0
BRDA:63,5,0,0
BRDA:63,5,1,0
BRDA:66,6,0,0
BRDA:66,6,1,0
BRDA:67,7,0,0
BRDA:67,7,1,0
BRDA:68,8,0,0
BRDA:68,8,1,0
BRDA:69,9,0,0
BRDA:69,9,1,0
BRDA:70,10,0,0
BRDA:70,10,1,0
BRDA:71,11,0,0
BRDA:71,11,1,0
BRDA:83,12,0,0
BRDA:83,12,1,0
BRF:29
BRH:7
end_of_record
TN:
SF:src\controllers\userController.ts
FN:8,(anonymous_1)
FN:18,(anonymous_2)
FN:28,(anonymous_3)
FNF:3
FNH:0
FNDA:0,(anonymous_1)
FNDA:0,(anonymous_2)
FNDA:0,(anonymous_3)
DA:3,0
DA:5,0
DA:8,0
DA:9,0
DA:10,0
DA:11,0
DA:12,0
DA:13,0
DA:15,0
DA:18,0
DA:19,0
DA:20,0
DA:21,0
DA:22,0
DA:23,0
DA:25,0
DA:28,0
LF:17
LH:0
BRDA:9,0,0,0
BRDA:9,0,1,0
BRDA:12,1,0,0
BRDA:12,1,1,0
BRDA:19,2,0,0
BRDA:19,2,1,0
BRDA:22,3,0,0
BRDA:22,3,1,0
BRF:8
BRH:0
end_of_record
TN:
SF:src\middleware\authMiddleware.ts
FN:6,auth
FN:34,(anonymous_2)
FN:34,(anonymous_3)
FNF:3
FNH:3
FNDA:5,auth
FNDA:9,(anonymous_2)
FNDA:1,(anonymous_3)
DA:3,3
DA:4,3
DA:6,3
DA:7,5
DA:8,5
DA:10,4
DA:11,4
DA:12,4
DA:14,4
DA:15,4
DA:17,4
DA:18,0
DA:22,4
DA:23,0
DA:27,4
DA:28,4
DA:30,0
DA:34,9
DA:35,1
DA:36,1
DA:37,1
DA:38,1
LF:22
LH:19
BRDA:8,0,0,1
BRDA:8,0,1,4
BRDA:12,1,0,4
BRDA:12,1,1,0
BRDA:15,2,0,0
BRDA:15,2,1,4
BRDA:17,3,0,0
BRDA:17,3,1,4
BRDA:22,4,0,0
BRDA:22,4,1,4
BRDA:35,5,0,0
BRDA:35,5,1,1
BRDA:36,6,0,0
BRDA:36,6,1,1
BRDA:37,7,0,0
BRDA:37,7,1,1
BRF:16
BRH:9
end_of_record
TN:
SF:src\middleware\errorHandlerMiddleware.ts
FN:3,(anonymous_0)
FN:8,(anonymous_1)
FNF:2
FNH:0
FNDA:0,(anonymous_0)
FNDA:0,(anonymous_1)
DA:3,3
DA:4,0
DA:7,0
DA:8,0
DA:9,0
DA:16,0
DA:17,0
DA:18,0
DA:25,0
DA:26,0
DA:33,0
LF:11
LH:1
BRDA:7,0,0,0
BRDA:7,0,1,0
BRDA:16,1,0,0
BRDA:16,1,1,0
BRDA:25,2,0,0
BRDA:25,2,1,0
BRDA:33,3,0,0
BRDA:33,3,1,0
BRDA:35,4,0,0
BRDA:35,4,1,0
BRF:10
BRH:0
end_of_record
TN:
SF:src\models\Orders.ts
FNF:0
FNH:0
DA:1,3
DA:19,3
DA:28,3
DA:42,3
LF:4
LH:4
BRF:0
BRH:0
end_of_record
TN:
SF:src\models\Products.ts
FNF:0
FNH:0
DA:1,3
DA:15,3
DA:28,3
LF:3
LH:3
BRF:0
BRH:0
end_of_record
TN:
SF:src\models\RefreshToken.ts
FNF:0
FNH:0
DA:1,3
DA:12,3
DA:39,3
LF:3
LH:3
BRF:0
BRH:0
end_of_record
TN:
SF:src\models\User.ts
FN:96,(anonymous_10)
FN:107,(anonymous_11)
FNF:2
FNH:2
FNDA:8,(anonymous_10)
FNDA:1,(anonymous_11)
DA:1,3
DA:2,3
DA:3,3
DA:25,3
DA:96,3
DA:97,8
DA:99,6
DA:100,6
DA:101,6
DA:107,3
DA:110,1
DA:113,3
LF:12
LH:12
BRDA:97,0,0,2
BRDA:97,0,1,6
BRF:2
BRH:2
end_of_record
TN:
SF:src\routes\AuthRoutes.ts
FNF:0
FNH:0
DA:1,3
DA:2,3
DA:3,3
DA:5,3
DA:7,3
DA:8,3
DA:9,3
DA:10,3
DA:14,3
LF:9
LH:9
BRF:0
BRH:0
end_of_record
TN:
SF:src\routes\orderRoutes.ts
FNF:0
FNH:0
DA:1,3
DA:2,3
DA:8,3
DA:10,3
DA:12,3
DA:13,3
DA:14,3
DA:15,3
DA:17,3
LF:9
LH:9
BRF:0
BRH:0
end_of_record
TN:
SF:src\routes\productRoutes.ts
FNF:0
FNH:0
DA:1,3
DA:2,3
DA:9,3
DA:10,3
DA:12,3
DA:14,3
DA:15,3
DA:16,3
DA:17,3
DA:18,3
DA:20,3
LF:11
LH:11
BRF:0
BRH:0
end_of_record
TN:
SF:src\routes\userRoutes.ts
FNF:0
FNH:0
DA:1,0
DA:2,0
DA:3,0
DA:4,0
DA:6,0
DA:8,0
DA:9,0
DA:14,0
LF:8
LH:0
BRF:0
BRH:0
end_of_record
TN:
SF:src\utilities\asyncHandler.ts
FN:1,(anonymous_0)
FN:2,(anonymous_1)
FNF:2
FNH:2
FNDA:6,(anonymous_0)
FNDA:3,(anonymous_1)
DA:1,3
DA:2,6
DA:3,3
DA:5,3
LF:4
LH:4
BRF:0
BRH:0
end_of_record
TN:
SF:src\utilities\authutils.ts
FN:13,registerFailedLogin
FN:31,resetFailedLogin
FN:40,(anonymous_3)
FNF:3
FNH:2
FNDA:0,registerFailedLogin
FNDA:1,resetFailedLogin
FNDA:1,(anonymous_3)
DA:3,3
DA:7,3
DA:10,3
DA:11,3
DA:13,3
DA:14,0
DA:15,0
DA:16,0
DA:18,0
DA:19,0
DA:20,0
DA:21,0
DA:22,0
DA:23,0
DA:24,0
DA:27,0
DA:28,0
DA:31,3
DA:33,1
DA:34,1
DA:35,1
DA:36,1
DA:40,3
DA:41,1
DA:42,1
DA:48,1
DA:49,1
LF:27
LH:15
BRDA:18,0,0,0
BRDA:18,0,1,0
BRF:2
BRH:0
end_of_record
TN:
SF:src\utilities\cryptoUtils.ts
FN:10,(anonymous_1)
FN:16,(anonymous_2)
FNF:2
FNH:1
FNDA:1,(anonymous_1)
FNDA:0,(anonymous_2)
DA:1,3
DA:2,3
DA:3,3
DA:5,3
DA:6,3
DA:7,3
DA:10,3
DA:11,1
DA:12,1
DA:16,3
DA:17,0
DA:18,0
DA:19,0
LF:13
LH:10
BRDA:5,0,0,3
BRDA:5,0,1,0
BRF:2
BRH:1
end_of_record
TN:
SF:src\utilities\jwt.ts
FN:9,(anonymous_1)
FNF:1
FNH:0
FNDA:0,(anonymous_1)
DA:2,0
DA:4,0
DA:6,0
DA:7,0
DA:9,0
LF:5
LH:0
BRDA:6,0,0,0
BRDA:6,0,1,0
BRF:2
BRH:0
end_of_record
TN:
SF:src\utilities\utilityFunction.ts
FN:7,(anonymous_1)
FN:12,isEnumValue
FN:16,(anonymous_3)
FN:25,isOrderProduct
FNF:4
FNH:2
FNDA:0,(anonymous_1)
FNDA:0,isEnumValue
FNDA:5,(anonymous_3)
FNDA:1,isOrderProduct
DA:1,3
DA:2,3
DA:4,3
DA:7,3
DA:8,0
DA:12,3
DA:13,0
DA:16,3
DA:17,5
DA:19,5
DA:20,5
DA:21,5
DA:23,5
DA:25,3
DA:26,1
LF:15
LH:13
BRDA:8,0,0,0
BRDA:8,0,1,0
BRDA:17,1,0,0
BRDA:17,1,1,5
BRDA:19,2,0,0
BRDA:19,2,1,5
BRDA:19,3,0,5
BRDA:19,3,1,3
BRDA:20,4,0,0
BRDA:20,4,1,5
BRDA:20,5,0,5
BRDA:20,5,1,0
BRDA:21,6,0,0
BRDA:21,6,1,5
BRDA:21,7,0,5
BRDA:21,7,1,0
BRDA:27,8,0,1
BRDA:27,8,1,1
BRDA:27,8,2,1
BRF:19
BRH:11
end_of_record
TN:
SF:src\utilities\enums\UserRole.ts
FN:1,(anonymous_0)
FNF:1
FNH:1
FNDA:3,(anonymous_0)
DA:1,3
DA:2,3
DA:3,3
DA:4,3
LF:4
LH:4
BRDA:1,0,0,3
BRDA:1,0,1,3
BRF:2
BRH:2
end_of_record
